  [1m[36m (1.3ms)[0m  [1mCREATE TABLE "schema_migrations" ("version" varchar NOT NULL) [0m
  [1m[35m (0.0ms)[0m  select sqlite_version(*)
  [1m[36m (1.1ms)[0m  [1mCREATE UNIQUE INDEX "unique_schema_migrations" ON "schema_migrations" ("version")[0m
  [1m[35mActiveRecord::SchemaMigration Load (0.1ms)[0m  SELECT "schema_migrations".* FROM "schema_migrations"
  [1m[35m (9.5ms)[0m  [1m[35mCREATE TABLE "ar_internal_metadata" ("key" varchar NOT NULL PRIMARY KEY, "value" varchar, "created_at" datetime NOT NULL, "updated_at" datetime NOT NULL)[0m
  [1m[36mActiveRecord::SchemaMigration Load (0.5ms)[0m  [1m[34mSELECT "schema_migrations".* FROM "schema_migrations"[0m
Migrating to CreateArticles (20201014023843)
  [1m[35m (0.0ms)[0m  [1m[36mbegin transaction[0m
  [1m[35m (2.0ms)[0m  [1m[35mCREATE TABLE "articles" ("id" INTEGER PRIMARY KEY AUTOINCREMENT NOT NULL, "title" varchar, "body" text, "created_at" datetime NOT NULL, "updated_at" datetime NOT NULL)[0m
  [1m[35mSQL (0.3ms)[0m  [1m[32mINSERT INTO "schema_migrations" ("version") VALUES (?)[0m  [["version", "20201014023843"]]
  [1m[35m (9.5ms)[0m  [1m[36mcommit transaction[0m
  [1m[36mActiveRecord::InternalMetadata Load (0.2ms)[0m  [1m[34mSELECT  "ar_internal_metadata".* FROM "ar_internal_metadata" WHERE "ar_internal_metadata"."key" = ? LIMIT ?[0m  [["key", "environment"], ["LIMIT", 1]]
  [1m[35m (0.2ms)[0m  [1m[36mbegin transaction[0m
  [1m[35mSQL (4.7ms)[0m  [1m[32mINSERT INTO "ar_internal_metadata" ("key", "value", "created_at", "updated_at") VALUES (?, ?, ?, ?)[0m  [["key", "environment"], ["value", "development"], ["created_at", "2020-10-14 02:44:21.577049"], ["updated_at", "2020-10-14 02:44:21.577049"]]
  [1m[35m (9.9ms)[0m  [1m[36mcommit transaction[0m
  [1m[36mActiveRecord::SchemaMigration Load (0.2ms)[0m  [1m[34mSELECT "schema_migrations".* FROM "schema_migrations"[0m
Started GET "/" for 127.0.0.1 at 2020-10-13 22:45:31 -0400
  [1m[36mActiveRecord::SchemaMigration Load (0.2ms)[0m  [1m[34mSELECT "schema_migrations".* FROM "schema_migrations"[0m
Processing by Rails::WelcomeController#index as HTML
  Parameters: {"internal"=>true}
  Rendering /home/jgoode/.rvm/gems/ruby-2.6.1/gems/railties-5.0.7.2/lib/rails/templates/rails/welcome/index.html.erb
  Rendered /home/jgoode/.rvm/gems/ruby-2.6.1/gems/railties-5.0.7.2/lib/rails/templates/rails/welcome/index.html.erb (17.9ms)
Completed 200 OK in 216ms (Views: 62.9ms | ActiveRecord: 0.0ms)


Started GET "/articles" for 127.0.0.1 at 2020-10-13 22:45:45 -0400
Processing by ArticlesController#index as HTML
  Rendering articles/index.html.erb within layouts/application
  [1m[36mArticle Load (4.2ms)[0m  [1m[34mSELECT "articles".* FROM "articles"[0m
  Rendered articles/index.html.erb within layouts/application (35.6ms)
Completed 200 OK in 1297ms (Views: 1262.5ms | ActiveRecord: 4.8ms)


Started GET "/articles/new" for 127.0.0.1 at 2020-10-13 22:45:57 -0400
Processing by ArticlesController#new as HTML
  Rendering articles/new.html.erb within layouts/application
  Rendered articles/_form.html.erb (145.7ms)
  Rendered articles/new.html.erb within layouts/application (151.4ms)
Completed 200 OK in 282ms (Views: 257.4ms | ActiveRecord: 3.0ms)


Started POST "/articles" for 127.0.0.1 at 2020-10-13 22:46:58 -0400
Processing by ArticlesController#create as HTML
  Parameters: {"utf8"=>"✓", "authenticity_token"=>"Z7heynZKavI8BSEYFKahuzkJqW59/5BwTNEqaiVnu2eqdEHIkR9ytRYyI7JnXUvm4eAJyujicOLUvhPFLu9MGA==", "article"=>{"title"=>"A Brighter Day", "body"=>"Even as we trudge through 2020 facing crisis after crisis, we still hope."}, "commit"=>"Create Article"}
  [1m[35m (0.1ms)[0m  [1m[36mbegin transaction[0m
  [1m[35mSQL (2.5ms)[0m  [1m[32mINSERT INTO "articles" ("title", "body", "created_at", "updated_at") VALUES (?, ?, ?, ?)[0m  [["title", "A Brighter Day"], ["body", "Even as we trudge through 2020 facing crisis after crisis, we still hope."], ["created_at", "2020-10-14 02:46:58.750336"], ["updated_at", "2020-10-14 02:46:58.750336"]]
  [1m[35m (25.5ms)[0m  [1m[36mcommit transaction[0m
Redirected to http://localhost:3000/articles/1
Completed 302 Found in 236ms (ActiveRecord: 28.1ms)


Started GET "/articles/1" for 127.0.0.1 at 2020-10-13 22:46:59 -0400
Processing by ArticlesController#show as HTML
  Parameters: {"id"=>"1"}
  [1m[36mArticle Load (2.6ms)[0m  [1m[34mSELECT  "articles".* FROM "articles" WHERE "articles"."id" = ? LIMIT ?[0m  [["id", 1], ["LIMIT", 1]]
  Rendering articles/show.html.erb within layouts/application
  Rendered articles/show.html.erb within layouts/application (1.3ms)
Completed 200 OK in 166ms (Views: 98.0ms | ActiveRecord: 2.6ms)


Started GET "/articles/1/edit" for 127.0.0.1 at 2020-10-13 22:47:13 -0400
Processing by ArticlesController#edit as HTML
  Parameters: {"id"=>"1"}
  [1m[36mArticle Load (2.3ms)[0m  [1m[34mSELECT  "articles".* FROM "articles" WHERE "articles"."id" = ? LIMIT ?[0m  [["id", 1], ["LIMIT", 1]]
  Rendering articles/edit.html.erb within layouts/application
  Rendered articles/_form.html.erb (2.8ms)
  Rendered articles/edit.html.erb within layouts/application (13.6ms)
Completed 200 OK in 109ms (Views: 97.1ms | ActiveRecord: 2.3ms)


Started PATCH "/articles/1" for 127.0.0.1 at 2020-10-13 22:47:23 -0400
Processing by ArticlesController#update as HTML
  Parameters: {"utf8"=>"✓", "authenticity_token"=>"ma3Wg6uhrp3DxM8x2XETV4sDxGS9kGEl7Zj/fYiNpmZUYcmBTPS22unzzZuqivkKU+pkwCiNgbd198bSgwVRGQ==", "article"=>{"title"=>"A Brighter Day Ahead", "body"=>"Even as we trudge through 2020 facing crisis after crisis, we still hope."}, "commit"=>"Update Article", "id"=>"1"}
  [1m[36mArticle Load (1.5ms)[0m  [1m[34mSELECT  "articles".* FROM "articles" WHERE "articles"."id" = ? LIMIT ?[0m  [["id", 1], ["LIMIT", 1]]
  [1m[35m (0.1ms)[0m  [1m[36mbegin transaction[0m
  [1m[35mSQL (3.3ms)[0m  [1m[33mUPDATE "articles" SET "title" = ?, "updated_at" = ? WHERE "articles"."id" = ?[0m  [["title", "A Brighter Day Ahead"], ["updated_at", "2020-10-14 02:47:23.132078"], ["id", 1]]
  [1m[35m (15.5ms)[0m  [1m[36mcommit transaction[0m
Redirected to http://localhost:3000/articles/1
Completed 302 Found in 121ms (ActiveRecord: 20.3ms)


Started GET "/articles/1" for 127.0.0.1 at 2020-10-13 22:47:23 -0400
Processing by ArticlesController#show as HTML
  Parameters: {"id"=>"1"}
  [1m[36mArticle Load (0.3ms)[0m  [1m[34mSELECT  "articles".* FROM "articles" WHERE "articles"."id" = ? LIMIT ?[0m  [["id", 1], ["LIMIT", 1]]
  Rendering articles/show.html.erb within layouts/application
  Rendered articles/show.html.erb within layouts/application (1.0ms)
Completed 200 OK in 89ms (Views: 80.2ms | ActiveRecord: 0.3ms)


Started GET "/articles" for 127.0.0.1 at 2020-10-13 22:47:55 -0400
Processing by ArticlesController#index as HTML
  Rendering articles/index.html.erb within layouts/application
  [1m[36mArticle Load (0.2ms)[0m  [1m[34mSELECT "articles".* FROM "articles"[0m
  Rendered articles/index.html.erb within layouts/application (2.4ms)
Completed 200 OK in 81ms (Views: 68.1ms | ActiveRecord: 0.2ms)


Started GET "/articles/1" for 127.0.0.1 at 2020-10-13 22:48:24 -0400
Processing by ArticlesController#show as HTML
  Parameters: {"id"=>"1"}
  [1m[36mArticle Load (0.3ms)[0m  [1m[34mSELECT  "articles".* FROM "articles" WHERE "articles"."id" = ? LIMIT ?[0m  [["id", 1], ["LIMIT", 1]]
  Rendering articles/show.html.erb within layouts/application
  Rendered articles/show.html.erb within layouts/application (1.7ms)
Completed 200 OK in 98ms (Views: 82.5ms | ActiveRecord: 0.3ms)


Started GET "/articles" for 127.0.0.1 at 2020-10-13 22:48:30 -0400
Processing by ArticlesController#index as HTML
  Rendering articles/index.html.erb within layouts/application
  [1m[36mArticle Load (0.2ms)[0m  [1m[34mSELECT "articles".* FROM "articles"[0m
  Rendered articles/index.html.erb within layouts/application (2.1ms)
Completed 200 OK in 91ms (Views: 78.4ms | ActiveRecord: 0.2ms)


Started GET "/articles/new" for 127.0.0.1 at 2020-10-13 22:49:58 -0400
Processing by ArticlesController#new as HTML
  Rendering articles/new.html.erb within layouts/application
  Rendered articles/_form.html.erb (1.9ms)
  Rendered articles/new.html.erb within layouts/application (8.4ms)
Completed 200 OK in 96ms (Views: 81.4ms | ActiveRecord: 0.0ms)


Started POST "/articles" for 127.0.0.1 at 2020-10-13 22:57:16 -0400
Processing by ArticlesController#create as HTML
  Parameters: {"utf8"=>"✓", "authenticity_token"=>"qa71NDi9Rbh4S4n3wTdqwu5LNX3X7ThabawFynhWj1dkYuo23+hd/1J8i12yzICfNqKV2ULw2Mj1wzxlc954KA==", "article"=>{"title"=>"Weather Update", "body"=>"After the scorching heat wave that whipped through lexan, any hint of a cool wind would be welcomed."}, "commit"=>"Create Article"}
  [1m[35m (0.4ms)[0m  [1m[36mbegin transaction[0m
  [1m[35mSQL (1.9ms)[0m  [1m[32mINSERT INTO "articles" ("title", "body", "created_at", "updated_at") VALUES (?, ?, ?, ?)[0m  [["title", "Weather Update"], ["body", "After the scorching heat wave that whipped through lexan, any hint of a cool wind would be welcomed."], ["created_at", "2020-10-14 02:57:16.769582"], ["updated_at", "2020-10-14 02:57:16.769582"]]
  [1m[35m (14.0ms)[0m  [1m[36mcommit transaction[0m
Redirected to http://localhost:3000/articles/2
Completed 302 Found in 41ms (ActiveRecord: 16.3ms)


Started GET "/articles/2" for 127.0.0.1 at 2020-10-13 22:57:16 -0400
Processing by ArticlesController#show as HTML
  Parameters: {"id"=>"2"}
  [1m[36mArticle Load (0.4ms)[0m  [1m[34mSELECT  "articles".* FROM "articles" WHERE "articles"."id" = ? LIMIT ?[0m  [["id", 2], ["LIMIT", 1]]
  Rendering articles/show.html.erb within layouts/application
  Rendered articles/show.html.erb within layouts/application (0.7ms)
Completed 200 OK in 88ms (Views: 76.6ms | ActiveRecord: 0.4ms)


Started GET "/articles" for 127.0.0.1 at 2020-10-13 22:57:27 -0400
Processing by ArticlesController#index as HTML
  Rendering articles/index.html.erb within layouts/application
  [1m[36mArticle Load (1.4ms)[0m  [1m[34mSELECT "articles".* FROM "articles"[0m
  Rendered articles/index.html.erb within layouts/application (4.5ms)
Completed 200 OK in 79ms (Views: 62.0ms | ActiveRecord: 1.4ms)


Started DELETE "/articles/1" for 127.0.0.1 at 2020-10-13 22:58:28 -0400
Processing by ArticlesController#destroy as HTML
  Parameters: {"authenticity_token"=>"6MeiizK7/caDAp5dzWPCDRv7LZ+9d2PAx1ZrfzFbWk0lC72J1e7lgak1nPe+mChQwxKNOyhqg1JfOVLQOtOtMg==", "id"=>"1"}
  [1m[36mArticle Load (0.4ms)[0m  [1m[34mSELECT  "articles".* FROM "articles" WHERE "articles"."id" = ? LIMIT ?[0m  [["id", 1], ["LIMIT", 1]]
  [1m[35m (0.1ms)[0m  [1m[36mbegin transaction[0m
  [1m[35mSQL (6.2ms)[0m  [1m[31mDELETE FROM "articles" WHERE "articles"."id" = ?[0m  [["id", 1]]
  [1m[35m (42.7ms)[0m  [1m[36mcommit transaction[0m
Redirected to http://localhost:3000/articles
Completed 302 Found in 86ms (ActiveRecord: 49.3ms)


Started GET "/articles" for 127.0.0.1 at 2020-10-13 22:58:28 -0400
Processing by ArticlesController#index as HTML
  Rendering articles/index.html.erb within layouts/application
  [1m[36mArticle Load (10.3ms)[0m  [1m[34mSELECT "articles".* FROM "articles"[0m
  Rendered articles/index.html.erb within layouts/application (12.5ms)
Completed 200 OK in 181ms (Views: 159.8ms | ActiveRecord: 10.3ms)


